<?xml version="1.0" encoding="UTF-8"?>
<testng-results skipped="0" failed="0" ignored="0" total="1" passed="1">
  <reporter-output>
  </reporter-output>
  <suite name="Default suite" duration-ms="35775" started-at="2020-03-31T15:00:07Z" finished-at="2020-03-31T15:00:43Z">
    <groups>
    </groups>
    <test name="Default test" duration-ms="35775" started-at="2020-03-31T15:00:07Z" finished-at="2020-03-31T15:00:43Z">
      <class name="tests.FirstTest">
        <test-method status="PASS" signature="startTest()[pri:0, instance:tests.FirstTest@2b98378d]" name="startTest" is-config="true" duration-ms="13310" started-at="2020-03-31T15:00:07Z" finished-at="2020-03-31T15:00:21Z">
          <reporter-output>
          </reporter-output>
        </test-method> <!-- startTest -->
        <test-method status="PASS" signature="executeTest()[pri:0, instance:tests.FirstTest@2b98378d]" name="executeTest" duration-ms="21003" started-at="2020-03-31T15:00:21Z" finished-at="2020-03-31T15:00:42Z">
          <reporter-output>
          </reporter-output>
        </test-method> <!-- executeTest -->
        <test-method status="PASS" signature="endTest()[pri:0, instance:tests.FirstTest@2b98378d]" name="endTest" is-config="true" duration-ms="1423" started-at="2020-03-31T15:00:42Z" finished-at="2020-03-31T15:00:43Z">
          <reporter-output>
          </reporter-output>
        </test-method> <!-- endTest -->
      </class> <!-- tests.FirstTest -->
    </test> <!-- Default test -->
  </suite> <!-- Default suite -->
</testng-results>
